2024-10-25 17:23:40.476 [info] [main] Log level: Info
2024-10-25 17:23:40.476 [info] [main] Validating found git in: "git"
2024-10-25 17:23:40.476 [info] [main] Using git "2.34.1" from "git"
2024-10-25 17:23:40.476 [info] [Model][doInitialScan] Initial repository scan started
2024-10-25 17:23:40.476 [info] > git rev-parse --show-toplevel [3ms]
2024-10-25 17:23:40.476 [info] fatal: not a git repository (or any of the parent directories): .git
2024-10-25 17:23:40.476 [info] [Model][doInitialScan] Initial repository scan completed - repositories (0), closed repositories (0), parent repositories (0), unsafe repositories (0)
2024-10-25 17:23:53.365 [info] > git rev-parse --show-toplevel [0ms]
2024-10-25 17:23:53.365 [info] fatal: not a git repository (or any of the parent directories): .git
2024-10-25 17:24:27.712 [info] > git rev-parse --show-toplevel [1ms]
2024-10-25 17:24:27.712 [info] fatal: not a git repository (or any of the parent directories): .git
2024-10-25 17:32:04.182 [info] > git rev-parse --show-toplevel [19ms]
2024-10-25 17:32:04.182 [info] fatal: not a git repository (or any of the parent directories): .git
2024-10-25 17:32:08.326 [info] > git rev-parse --show-toplevel [0ms]
2024-10-25 17:32:08.326 [info] fatal: not a git repository (or any of the parent directories): .git
2024-10-25 17:54:18.378 [info] > git rev-parse --show-toplevel [2ms]
2024-10-25 17:54:18.378 [info] fatal: not a git repository (or any of the parent directories): .git
2024-10-25 17:54:18.385 [info] > git rev-parse --show-toplevel [3ms]
2024-10-25 17:54:18.385 [info] fatal: not a git repository (or any of the parent directories): .git
2024-10-25 17:54:23.204 [info] > git rev-parse --show-toplevel [2ms]
2024-10-25 17:54:23.204 [info] fatal: not a git repository (or any of the parent directories): .git
2024-10-25 17:56:14.742 [info] > git rev-parse --show-toplevel [2ms]
2024-10-25 17:56:14.742 [info] fatal: not a git repository (or any of the parent directories): .git
